# JRE version: Java(TM) SE Runtime Environment 18.9 (11.0.7+8) (build 11.0.7+8-LTS)
# Java VM: Java HotSpot(TM) 64-Bit Server VM 18.9 (11.0.7+8-LTS, mixed mode, tiered, compressed oops, g1 gc, windows-amd64)
Heap:
 garbage-first heap   total 10240K, used 3572K [0x0000000702600000, 0x0000000800000000)
  region size 1024K, 3 young (3072K), 1 survivors (1024K)
 Metaspace       used 13375K, capacity 13797K, committed 14080K, reserved 1060864K
  class space    used 1484K, capacity 1667K, committed 1792K, reserved 1048576K
GC Heap History (10 events):
Event: 0.237 GC heap before
{Heap before GC invocations=1 (full 0):
 garbage-first heap   total 8192K, used 2148K [0x0000000702600000, 0x0000000800000000)
  region size 1024K, 2 young (2048K), 1 survivors (1024K)
 Metaspace       used 8676K, capacity 8885K, committed 9216K, reserved 1056768K
  class space    used 850K, capacity 925K, committed 1024K, reserved 1048576K
}
Event: 0.238 GC heap after
{Heap after GC invocations=2 (full 0):
 garbage-first heap   total 8192K, used 1361K [0x0000000702600000, 0x0000000800000000)
  region size 1024K, 1 young (1024K), 1 survivors (1024K)
 Metaspace       used 8676K, capacity 8885K, committed 9216K, reserved 1056768K
  class space    used 850K, capacity 925K, committed 1024K, reserved 1048576K
}
Event: 0.274 GC heap before
{Heap before GC invocations=2 (full 0):
 garbage-first heap   total 8192K, used 2385K [0x0000000702600000, 0x0000000800000000)
  region size 1024K, 2 young (2048K), 1 survivors (1024K)
 Metaspace       used 9646K, capacity 9897K, committed 10112K, reserved 1058816K
  class space    used 960K, capacity 1076K, committed 1152K, reserved 1048576K
}
Event: 0.276 GC heap after
{Heap after GC invocations=3 (full 0):
 garbage-first heap   total 8192K, used 1518K [0x0000000702600000, 0x0000000800000000)
  region size 1024K, 1 young (1024K), 1 survivors (1024K)
 Metaspace       used 9646K, capacity 9897K, committed 10112K, reserved 1058816K
  class space    used 960K, capacity 1076K, committed 1152K, reserved 1048576K
}
Event: 0.290 GC heap before
{Heap before GC invocations=3 (full 0):
 garbage-first heap   total 8192K, used 2542K [0x0000000702600000, 0x0000000800000000)
  region size 1024K, 2 young (2048K), 1 survivors (1024K)
 Metaspace       used 9841K, capacity 10132K, committed 10368K, reserved 1058816K
  class space    used 999K, capacity 1120K, committed 1152K, reserved 1048576K
}
Event: 0.291 GC heap after
{Heap after GC invocations=4 (full 0):
 garbage-first heap   total 8192K, used 1651K [0x0000000702600000, 0x0000000800000000)
  region size 1024K, 1 young (1024K), 1 survivors (1024K)
 Metaspace       used 9841K, capacity 10132K, committed 10368K, reserved 1058816K
  class space    used 999K, capacity 1120K, committed 1152K, reserved 1048576K
}
Event: 0.317 GC heap before
{Heap before GC invocations=4 (full 0):
 garbage-first heap   total 8192K, used 2675K [0x0000000702600000, 0x0000000800000000)
  region size 1024K, 2 young (2048K), 1 survivors (1024K)
 Metaspace       used 10283K, capacity 10594K, committed 10752K, reserved 1058816K
  class space    used 1075K, capacity 1239K, committed 1280K, reserved 1048576K
}
Event: 0.318 GC heap after
{Heap after GC invocations=5 (full 0):
 garbage-first heap   total 10240K, used 1885K [0x0000000702600000, 0x0000000800000000)
  region size 1024K, 1 young (1024K), 1 survivors (1024K)
 Metaspace       used 10283K, capacity 10594K, committed 10752K, reserved 1058816K
  class space    used 1075K, capacity 1239K, committed 1280K, reserved 1048576K
}
Event: 0.610 GC heap before
{Heap before GC invocations=5 (full 0):
 garbage-first heap   total 10240K, used 3933K [0x0000000702600000, 0x0000000800000000)
  region size 1024K, 3 young (3072K), 1 survivors (1024K)
 Metaspace       used 11579K, capacity 11950K, committed 12160K, reserved 1060864K
  class space    used 1222K, capacity 1393K, committed 1408K, reserved 1048576K
}
Event: 0.612 GC heap after
{Heap after GC invocations=6 (full 0):
 garbage-first heap   total 10240K, used 2548K [0x0000000702600000, 0x0000000800000000)
  region size 1024K, 1 young (1024K), 1 survivors (1024K)
 Metaspace       used 11579K, capacity 11950K, committed 12160K, reserved 1060864K
  class space    used 1222K, capacity 1393K, committed 1408K, reserved 1048576K
}

